  socket.io:server initializing namespace / +0ms
  socket.io:server creating http server and binding to 3000 +1ms
  socket.io:server creating engine.io instance with opts {"transports":["websocket","polling"],"cors":{"origin":"*","methods":["GET","POST"]},"cleanupEmptyChildNamespaces":false,"path":"/socket.io"} +4ms
  socket.io:server attaching client serving req handler +1ms
  engine applying middleware n°1 +0ms
  engine writing headers: {"Access-Control-Allow-Origin":"*"} +3ms
  engine handshaking client "qVTgzsaT8fmi87-MAAAA" +10ms
  engine:transport readyState updated from undefined to open (websocket) +0ms
  engine:socket readyState updated from undefined to opening +0ms
  engine:socket readyState updated from opening to open +0ms
  engine:socket sending packet "open" ({"sid":"qVTgzsaT8fmi87-MAAAA","upgrades":[],"pingInterval":25000,"pingTimeout":20000,"maxPayload":1000000}) +1ms
  engine:socket flushing buffer to transport +0ms
  engine:ws writing "0{"sid":"qVTgzsaT8fmi87-MAAAA","upgrades":[],"pingInterval":25000,"pingTimeout":20000,"maxPayload":1000000}" +0ms
  engine:transport setting request +4ms
  socket.io:server incoming connection with id qVTgzsaT8fmi87-MAAAA +31s
  engine:ws received "40" +15ms
  engine:socket received packet message +17ms
  socket.io-parser decoded 0 as {"type":0,"nsp":"/"} +0ms
  socket.io:client connecting to namespace / +0ms
  socket.io:namespace adding socket to nsp / +0ms
  socket.io:socket socket connected - writing packet +0ms
  socket.io:socket join room TyD63bWQLImyeKzyAAAB +1ms
  socket.io-parser encoding packet {"type":0,"data":{"sid":"TyD63bWQLImyeKzyAAAB"},"nsp":"/"} +6ms
  socket.io-parser encoded {"type":0,"data":{"sid":"TyD63bWQLImyeKzyAAAB"},"nsp":"/"} as 0{"sid":"TyD63bWQLImyeKzyAAAB"} +0ms
  engine:socket sending packet "message" (0{"sid":"TyD63bWQLImyeKzyAAAB"}) +7ms
  engine:socket flushing buffer to transport +1ms
  engine:ws writing "40{"sid":"TyD63bWQLImyeKzyAAAB"}" +10ms
a user connected to the socket.io server: TyD63bWQLImyeKzyAAAB
  engine:ws received "42["message","Hi"]" +1ms
  engine:socket received packet message +1ms
  socket.io-parser decoded 2["message","Hi"] as {"type":2,"nsp":"/","data":["message","Hi"]} +3ms
  socket.io:socket got packet {"type":2,"nsp":"/","data":["message","Hi"]} +3ms
  socket.io:socket emitting event ["message","Hi"] +0ms
  socket.io:socket dispatching an event ["message","Hi"] +0ms
packet: message,Hi
message: Hi
  socket.io-parser encoding packet {"type":2,"data":["message","they say: Hi"],"nsp":"/"} +1ms
  socket.io-parser encoded {"type":2,"data":["message","they say: Hi"],"nsp":"/"} as 2["message","they say: Hi"] +1ms
  engine:socket sending packet "message" (2["message","they say: Hi"]) +3ms
  engine:socket flushing buffer to transport +0ms
  engine:ws received "41" +10s
  engine:socket received packet message +10s
  socket.io-parser decoded 1 as {"type":1,"nsp":"/"} +10s
  socket.io:socket got packet {"type":1,"nsp":"/"} +10s
  socket.io:socket got disconnect packet +0ms
  socket.io:socket closing socket - reason client namespace disconnect +0ms
user disconnected: TyD63bWQLImyeKzyAAAB
  engine:transport readyState updated from open to closed (websocket) +10s
  engine:socket readyState updated from open to closed +11ms
  socket.io:client client close with reason transport close +10s
